2023-07-20 01:47:17 :[PASS]: send message to Biggies  2301701/01 line alert Successfully
2023-07-20 01:50:25 :[PASS]: send message to Biggies  2301701/01 line alert Successfully
2023-07-20 01:54:21 :[PASS]: send message to Biggies  2301701/01 line alert Successfully
2023-07-20 01:55:14 :[PASS]: send message to Biggies  2301701/01 line alert Successfully
2023-07-20 01:58:13 :[PASS]: send message to Biggies  2301701/01 line alert Successfully
2023-07-20 01:58:50 :[PASS]: send message to Biggies  2301701/01 line alert Successfully
2023-07-20 01:59:14 :[PASS]: send message to Biggies  2301701/01 line alert Successfully
2023-07-20 03:57:23 :[PASS]: send message to Biggies  2301701/01 line alert Successfully
2023-07-20 03:58:31 :[PASS]: send message to Biggies  2301701/01 line alert Successfully
2023-07-20 04:01:17 :[PASS]: send message to Biggies  2301701/01 line alert Successfully
2023-07-20 04:05:15 :[PASS]: send message to Biggies  2301701/01 line alert Successfully
2023-07-20 04:05:59 :[PASS]: send message to Biggies  2301701/01 line alert Successfully
2023-07-20 04:20:39 :[PASS]: send message to Biggies  2301701/01 line alert Successfully
2023-07-20 04:20:49 :[PASS]: send message to Biggies  2301701/01 line alert Successfully
2023-07-20 04:21:06 :[PASS]: send message to Biggies  2301701/01 line alert Successfully
2023-07-20 04:21:25 :[PASS]: send message to Biggies  2301701/01 line alert Successfully
2023-07-20 04:24:47 :[PASS]: send message to Biggies  2301701/01 line alert Successfully
2023-07-20 04:25:50 :[PASS]: send message to Biggies  2301701/01 line alert Successfully
2023-07-20 04:26:06 :[PASS]: send message to Biggies  2301701/01 line alert Successfully
2023-07-20 04:30:23 :[PASS]: send message to Biggies  2301701/01 line alert Successfully
2023-07-20 04:30:47 :[PASS]: send message to Biggies  2301701/01 line alert Successfully
2023-07-20 04:32:31 :[PASS]: send message to Biggies  2301701/01 line alert Successfully
2023-07-20 04:32:51 :[PASS]: send message to Biggies  2301701/01 line alert Successfully
2023-07-20 04:33:18 :[PASS]: send message to Biggies  2301701/01 line alert Successfully
2023-07-20 05:07:47 :[PASS]: send message to Biggies  2301701/01 line alert Successfully
2023-07-29 04:33:24 :[PASS]: send message to รุจิเรศ วิชิตกุล 230501/01 line alert Successfully
2023-07-29 04:35:25 :[PASS]: send message to ณัฐธยาน์ ลีวรวัฒน์ 230126/02 line alert Successfully
2023-07-29 04:35:37 :[PASS]: send message to ณัฐธยาน์ ลีวรวัฒน์ 230126/02 line alert Successfully
2023-07-29 04:41:39 :[PASS]: send message to สุทธิพัฒน์ จันทร์สว่าง 230430/01 line alert Successfully
2023-07-29 04:45:43 :[PASS]: send message to นัฐธิวุฒ เสสะนี 230506/01 line alert Successfully
2023-07-29 04:49:04 :[PASS]: send message to ประเสริฐ  230518/01 line alert Successfully
2023-07-29 06:57:06 :[PASS]: send message to ไชยวุธ จาตุรงคกุล 230204/07 line alert Successfully
2023-07-29 06:58:07 :[PASS]: send message to สรินยา พิชัยกาล 230510/03 line alert Successfully
2023-07-29 06:59:06 :[PASS]: send message to ศศิธร  230511/01 line alert Successfully
2023-07-29 07:00:35 :[PASS]: send message to อัญชลี พฤกษากาญจน์ 230509/01 line alert Successfully
2023-07-29 07:03:33 :[PASS]: send message to ภิญญดา สว่างวิศาล 202706/01 line alert Successfully
2023-07-29 07:05:41 :[PASS]: send message to นิรมล มกรารัตน์ 230504/02 line alert Successfully
2023-07-29 07:06:35 :[PASS]: send message to สุพรัตน์  230504/01 line alert Successfully
2023-07-29 07:08:59 :[PASS]: send message to ภิญญาภัทร  230427/01 line alert Successfully
2023-07-29 07:11:25 :[PASS]: send message to ประสาน เด่นเลิศชัยกุล 82904/02 line alert Successfully
2023-07-29 07:11:31 :[PASS]: send message to ประสาน เด่นเลิศชัยกุล 82904/02 line alert Successfully
2023-07-29 07:17:20 :[PASS]: send message to วันวิสาข์ อ้นพวงรัตน์ 230302/02 line alert Successfully
2023-07-29 07:21:10 :[PASS]: send message to ภาณสา ปัญญ์ภีมชัย 230323/01 line alert Successfully
2023-07-29 07:22:51 :[PASS]: send message to ภัทรกร อธิอัฐพร 230325/01 line alert Successfully
2023-07-29 07:30:10 :[PASS]: send message to พัชรินทร์ ชูเที่ยงตรง 230321/01 line alert Successfully
2023-07-29 08:02:35 :[PASS]: send message to สุวรรณี รุ่งเลิศเกียรติ 230211/02 line alert Successfully
2023-07-29 08:39:31 :[PASS]: send message to พงษ์ชัย จงเชิดชูสกุล 230522/01 line alert Successfully
2023-07-29 08:40:39 :[PASS]: send message to ชนาภา  230523/02 line alert Successfully
2023-07-29 08:57:45 :[PASS]: send message to ชนิดา  92910/01 line alert Successfully
2023-08-14 03:53:17 :[PASS]: send message to ปันปัน  230407/01 line alert Successfully
2023-08-19 07:12:21 :[PASS]: send message to พิมพิไล บุญฤทธิ์ 230816/02 line alert Successfully
2023-08-19 07:27:42 :[PASS]: send message to พิรามร บุญฤทธิ์ 230816/01 line alert Successfully
2023-08-19 07:48:21 :[PASS]: send message to เมธาวี  231908/1 line alert Successfully
2023-09-01 10:52:26 :[PASS]: send message to มนิดา ปั้นศิริ 230727/01 line alert Successfully
2023-09-01 10:55:36 :[PASS]: send message to ปราณิสา  230607/03 line alert Successfully
2023-09-01 10:56:57 :[PASS]: send message to กฤตเมธ เกิดผล 230603/02-1 line alert Successfully
2023-09-01 10:59:34 :[PASS]: send message to ฉันท์ชนิต  230327/01 line alert Successfully
2023-09-01 11:03:37 :[PASS]: send message to ขณิษฐลดา  230608/01 line alert Successfully
2023-09-01 11:07:00 :[PASS]: send message to มนต์ธยา กุลวงค์ 230720/01 line alert Successfully
2023-09-01 11:08:39 :[PASS]: send message to กนกพร เหมรา 230513/03 line alert Successfully
2023-09-01 11:09:52 :[PASS]: send message to จตุพร ซ่อนกลิ่น 230802/01-1 line alert Successfully
2023-09-01 11:11:07 :[PASS]: send message to มาลินี  202008/01 line alert Successfully
2023-09-01 11:14:17 :[PASS]: send message to รัชพล จันทร์สุวรรณ 230812/02 line alert Successfully
2023-09-09 10:50:59 :[PASS]: send message to กิจทวี รัตนวัฒนศิลป์ 230801/01 line alert Successfully
2023-09-09 10:52:11 :[PASS]: send message to บรรณรต วิบูลย์วัฒน์ 230801/02 line alert Successfully
2023-09-09 10:55:05 :[PASS]: send message to เปมิกา นรสาร 230805/03 line alert Successfully
2023-09-09 10:56:17 :[PASS]: send message to ลักษิกา  230805/05 line alert Successfully
2023-09-09 10:57:50 :[PASS]: send message to สศิตาภรณ์  230729/01 line alert Successfully
2023-09-09 11:01:17 :[PASS]: send message to กิตติยา บรรทัดจันทร์ 230720/02 line alert Successfully
2023-09-11 08:40:22 :[PASS]: send message to สุวิชา  230525/01 line alert Successfully
2023-09-11 08:42:48 :[PASS]: send message to ธัญวัลย์  230403/05 line alert Successfully
2023-09-11 08:56:01 :[PASS]: send message to สวิตา  230803/01 line alert Successfully
2023-09-11 09:06:50 :[PASS]: send message to ปาริชาติ ศรีวิทยารักษ์ 230503/01 line alert Successfully
2023-09-11 09:10:02 :[PASS]: send message to ปาริชาติ ศรีวิทยารักษ์ 230503/01 line alert Successfully
2023-09-16 07:41:33 :[PASS]: send message to ศุภาวิณี ตรีเกียน 230913/03 line alert Successfully
2023-09-16 07:42:20 :[PASS]: send message to ณัชฌานันท์  230914/02 line alert Successfully
2023-09-16 07:43:23 :[PASS]: send message to ศักดา  230901/01 line alert Successfully
2023-09-16 07:43:59 :[PASS]: send message to ภานุพงษ์  230913/01 line alert Successfully
2023-09-16 07:44:46 :[PASS]: send message to ธนุตม์  230913/02 line alert Successfully
2023-09-16 08:09:36 :[PASS]: send message to กัญญ์ณณัฐ์ ศักดิ์แก้ว 230706/04 line alert Successfully
2023-09-16 08:12:16 :[PASS]: send message to สุจินต์ มะโนสืบ 230908/02 line alert Successfully
2023-09-16 08:14:20 :[PASS]: send message to พิมพ์ภัทรา ออสวัสดิ์ 230903/01 line alert Successfully
2023-10-09 01:46:44 :[PASS]: send message to ปันปัน  230407/01 line alert Successfully
2023-10-09 08:00:09 :[PASS]: send message to แพรตะวัน นิธิอัครนันท์ 230820/01 line alert Successfully
2023-10-09 08:00:24 :[PASS]: send message to แพรตะวัน นิธิอัครนันท์ 230820/01 line alert Successfully
2023-10-09 08:02:46 :[PASS]: send message to รัชนิชา ชูช่วย 230929/01 line alert Successfully
2023-10-09 08:02:52 :[PASS]: send message to รัชนิชา ชูช่วย 230929/01 line alert Successfully
2023-10-09 08:05:49 :[PASS]: send message to ภุชชงค์ สิอิ้น 230929/02 line alert Successfully
2023-10-09 08:07:58 :[PASS]: send message to เนตรทราย ศิลปพิบูลย์ 230927/01 line alert Successfully
2023-10-09 08:08:50 :[PASS]: send message to จิณณาณัฐ  230926/01 line alert Successfully
2023-10-09 08:09:54 :[PASS]: send message to ก้อน บัวพรม 230925/01 line alert Successfully
2023-10-09 09:14:37 :[PASS]: send message to อัญชลี ปิ่นกมล 230927/02 line alert Successfully
2023-10-09 09:16:08 :[PASS]: send message to ดาลัด ศิริวัน 221024/01 line alert Successfully
2023-10-09 09:17:02 :[PASS]: send message to อัญชลี ปิ่นสกุล 230927/02 line alert Successfully
2023-10-19 12:40:27 :[PASS]: send message to กัลยลักษณ์  230410/01 line alert Successfully
2023-10-28 09:46:40 :[PASS]: send message to ขณิษฐลดา  230608/01 line alert Successfully
2023-11-24 02:50:27 :[PASS]: send message to จิณณาณัฐ  230926/01 line alert Successfully
